  Bishop.cpp
C:\Users\User\OneDrive\Рабочий стол\training\chessmate\Chess_Board.h(21,7): error C2535: 'void Chess_Board::getcoords(void)': member function already defined or declared
C:\Users\User\OneDrive\Рабочий стол\training\chessmate\Chess_Board.h(12,7): message : see declaration of 'Chess_Board::getcoords'
C:\Users\User\OneDrive\Рабочий стол\training\chessmate\Chess_Board.h(22,7): error C2535: 'void Chess_Board::getmove(void)': member function already defined or declared
C:\Users\User\OneDrive\Рабочий стол\training\chessmate\Chess_Board.h(11,7): message : see declaration of 'Chess_Board::getmove'
C:\Users\User\OneDrive\Рабочий стол\training\chessmate\Bishop.cpp(3,13): error C2011: 'Bishop': 'class' type redefinition
C:\Users\User\OneDrive\Рабочий стол\training\chessmate\Bishop.h(2,7): message : see declaration of 'Bishop'
  chessmate.cpp
  King.cpp
C:\Users\User\OneDrive\Рабочий стол\training\chessmate\Chess_Board.h(21,7): error C2535: 'void Chess_Board::getcoords(void)': member function already defined or declared
C:\Users\User\OneDrive\Рабочий стол\training\chessmate\Chess_Board.h(12,7): message : see declaration of 'Chess_Board::getcoords'
C:\Users\User\OneDrive\Рабочий стол\training\chessmate\Chess_Board.h(22,7): error C2535: 'void Chess_Board::getmove(void)': member function already defined or declared
C:\Users\User\OneDrive\Рабочий стол\training\chessmate\Chess_Board.h(11,7): message : see declaration of 'Chess_Board::getmove'
C:\Users\User\OneDrive\Рабочий стол\training\chessmate\King.cpp(3,12): error C2011: 'King': 'class' type redefinition
C:\Users\User\OneDrive\Рабочий стол\training\chessmate\King.h(2,7): message : see declaration of 'King'
  Knight.cpp
C:\Users\User\OneDrive\Рабочий стол\training\chessmate\Chess_Board.h(21,7): error C2535: 'void Chess_Board::getcoords(void)': member function already defined or declared
C:\Users\User\OneDrive\Рабочий стол\training\chessmate\Chess_Board.h(12,7): message : see declaration of 'Chess_Board::getcoords'
C:\Users\User\OneDrive\Рабочий стол\training\chessmate\Chess_Board.h(22,7): error C2535: 'void Chess_Board::getmove(void)': member function already defined or declared
C:\Users\User\OneDrive\Рабочий стол\training\chessmate\Chess_Board.h(11,7): message : see declaration of 'Chess_Board::getmove'
C:\Users\User\OneDrive\Рабочий стол\training\chessmate\Knight.cpp(3,13): error C2011: 'Knight': 'class' type redefinition
C:\Users\User\OneDrive\Рабочий стол\training\chessmate\Knight.h(2,7): message : see declaration of 'Knight'
  Module.ixx
c1xx : fatal  error C1083: Cannot open source file: 'Module.ixx': No such file or directory
  Pawn.cpp
C:\Users\User\OneDrive\Рабочий стол\training\chessmate\Chess_Board.h(21,7): error C2535: 'void Chess_Board::getcoords(void)': member function already defined or declared
C:\Users\User\OneDrive\Рабочий стол\training\chessmate\Chess_Board.h(12,7): message : see declaration of 'Chess_Board::getcoords'
C:\Users\User\OneDrive\Рабочий стол\training\chessmate\Chess_Board.h(22,7): error C2535: 'void Chess_Board::getmove(void)': member function already defined or declared
C:\Users\User\OneDrive\Рабочий стол\training\chessmate\Chess_Board.h(11,7): message : see declaration of 'Chess_Board::getmove'
C:\Users\User\OneDrive\Рабочий стол\training\chessmate\Pawn.cpp(3,12): error C2011: 'Pawn': 'class' type redefinition
C:\Users\User\OneDrive\Рабочий стол\training\chessmate\Pawn.h(2,7): message : see declaration of 'Pawn'
  Queen.cpp
C:\Users\User\OneDrive\Рабочий стол\training\chessmate\Chess_Board.h(21,7): error C2535: 'void Chess_Board::getcoords(void)': member function already defined or declared
C:\Users\User\OneDrive\Рабочий стол\training\chessmate\Chess_Board.h(12,7): message : see declaration of 'Chess_Board::getcoords'
C:\Users\User\OneDrive\Рабочий стол\training\chessmate\Chess_Board.h(22,7): error C2535: 'void Chess_Board::getmove(void)': member function already defined or declared
C:\Users\User\OneDrive\Рабочий стол\training\chessmate\Chess_Board.h(11,7): message : see declaration of 'Chess_Board::getmove'
C:\Users\User\OneDrive\Рабочий стол\training\chessmate\Queen.cpp(3,13): error C2011: 'Queen': 'class' type redefinition
C:\Users\User\OneDrive\Рабочий стол\training\chessmate\Queen.h(4,7): message : see declaration of 'Queen'
  Rook.cpp
C:\Users\User\OneDrive\Рабочий стол\training\chessmate\Chess_Board.h(21,7): error C2535: 'void Chess_Board::getcoords(void)': member function already defined or declared
C:\Users\User\OneDrive\Рабочий стол\training\chessmate\Chess_Board.h(12,7): message : see declaration of 'Chess_Board::getcoords'
C:\Users\User\OneDrive\Рабочий стол\training\chessmate\Chess_Board.h(22,7): error C2535: 'void Chess_Board::getmove(void)': member function already defined or declared
C:\Users\User\OneDrive\Рабочий стол\training\chessmate\Chess_Board.h(11,7): message : see declaration of 'Chess_Board::getmove'
C:\Users\User\OneDrive\Рабочий стол\training\chessmate\Rook.cpp(3,12): error C2011: 'Rook': 'class' type redefinition
C:\Users\User\OneDrive\Рабочий стол\training\chessmate\Rook.h(2,7): message : see declaration of 'Rook'
  Generating Code...
